0 info it worked if it ends with ok
1 verbose cli [ 'node', '/usr/local/bin/npm', 'install', '-g', 'bower' ]
2 info using npm@2.7.1
3 info using node@v0.12.0
4 verbose node symlink /usr/local/bin/node
5 silly cache add args [ 'bower', null ]
6 verbose cache add spec bower
7 silly cache add parsed spec { raw: 'bower',
7 silly cache add   scope: null,
7 silly cache add   name: 'bower',
7 silly cache add   rawSpec: '',
7 silly cache add   spec: '*',
7 silly cache add   type: 'range' }
8 verbose addNamed bower@*
9 silly addNamed semver.valid null
10 silly addNamed semver.validRange *
11 silly addNameRange { name: 'bower', range: '*', hasData: false }
12 silly mapToRegistry name bower
13 silly mapToRegistry using default registry
14 silly mapToRegistry registry https://registry.npmjs.org/
15 silly mapToRegistry uri https://registry.npmjs.org/bower
16 verbose addNameRange registry:https://registry.npmjs.org/bower not in flight; fetching
17 verbose request uri https://registry.npmjs.org/bower
18 verbose request no auth needed
19 info attempt registry request try #1 at 00:36:50
20 verbose request id 1ab1be3684569035
21 verbose etag "4EF5V5LXTEJ7ORMBDZ0ONCMPA"
22 http request GET https://registry.npmjs.org/bower
23 http 200 https://registry.npmjs.org/bower
24 silly get cb [ 200,
24 silly get   { server: 'CouchDB/1.5.0 (Erlang OTP/R16B03)',
24 silly get     etag: '"EL9GVN4D2OQTJL5W62F8ZVTN4"',
24 silly get     'content-type': 'application/json',
24 silly get     'cache-control': 'max-age=60',
24 silly get     'content-length': '120256',
24 silly get     'accept-ranges': 'bytes',
24 silly get     date: 'Wed, 16 Sep 2015 07:36:51 GMT',
24 silly get     via: '1.1 varnish',
24 silly get     age: '53',
24 silly get     connection: 'keep-alive',
24 silly get     'x-served-by': 'cache-lax1425-LAX',
24 silly get     'x-cache': 'HIT',
24 silly get     'x-cache-hits': '4',
24 silly get     'x-timer': 'S1442389011.143379,VS0,VE0',
24 silly get     vary: 'Accept' } ]
25 verbose get saving bower to /Users/tuckermayo/.npm/registry.npmjs.org/bower/.cache.json
26 silly addNameRange number 2 { name: 'bower', range: '*', hasData: true }
27 silly addNameRange versions [ 'bower',
27 silly addNameRange   [ '0.1.0',
27 silly addNameRange     '0.1.2',
27 silly addNameRange     '0.1.3',
27 silly addNameRange     '0.2.0',
27 silly addNameRange     '0.3.0',
27 silly addNameRange     '0.3.1',
27 silly addNameRange     '0.3.2',
27 silly addNameRange     '0.4.0',
27 silly addNameRange     '0.5.0',
27 silly addNameRange     '0.5.1',
27 silly addNameRange     '0.6.0',
27 silly addNameRange     '0.6.1',
27 silly addNameRange     '0.6.2',
27 silly addNameRange     '0.6.3',
27 silly addNameRange     '0.6.4',
27 silly addNameRange     '0.6.5',
27 silly addNameRange     '0.6.6',
27 silly addNameRange     '0.6.7',
27 silly addNameRange     '0.6.8',
27 silly addNameRange     '0.7.0',
27 silly addNameRange     '0.7.1',
27 silly addNameRange     '0.8.0',
27 silly addNameRange     '0.8.1',
27 silly addNameRange     '0.8.2',
27 silly addNameRange     '0.8.3',
27 silly addNameRange     '0.8.4',
27 silly addNameRange     '0.8.5',
27 silly addNameRange     '0.8.6',
27 silly addNameRange     '0.9.0',
27 silly addNameRange     '0.9.1',
27 silly addNameRange     '0.9.2',
27 silly addNameRange     '0.10.0',
27 silly addNameRange     '1.0.0',
27 silly addNameRange     '1.0.1',
27 silly addNameRange     '1.0.2',
27 silly addNameRange     '1.0.3',
27 silly addNameRange     '1.1.0',
27 silly addNameRange     '1.1.1',
27 silly addNameRange     '1.1.2',
27 silly addNameRange     '1.2.0',
27 silly addNameRange     '1.2.1',
27 silly addNameRange     '1.2.2',
27 silly addNameRange     '1.2.3',
27 silly addNameRange     '1.2.4',
27 silly addNameRange     '1.2.5',
27 silly addNameRange     '1.2.6',
27 silly addNameRange     '1.2.7',
27 silly addNameRange     '1.2.8',
27 silly addNameRange     '1.3.0',
27 silly addNameRange     '1.3.1',
27 silly addNameRange     '1.3.2',
27 silly addNameRange     '1.3.3',
27 silly addNameRange     '1.3.4',
27 silly addNameRange     '1.3.5',
27 silly addNameRange     '1.3.6',
27 silly addNameRange     '1.3.7',
27 silly addNameRange     '1.3.8',
27 silly addNameRange     '1.3.9',
27 silly addNameRange     '1.3.10',
27 silly addNameRange     '1.3.11',
27 silly addNameRange     '1.3.12',
27 silly addNameRange     '1.4.0',
27 silly addNameRange     '1.4.1',
27 silly addNameRange     '1.5.0',
27 silly addNameRange     '1.5.1',
27 silly addNameRange     '1.5.2' ] ]
28 verbose addNamed bower@1.5.2
29 silly addNamed semver.valid 1.5.2
30 silly addNamed semver.validRange 1.5.2
31 silly mapToRegistry name bower
32 silly mapToRegistry using default registry
33 silly mapToRegistry registry https://registry.npmjs.org/
34 silly mapToRegistry uri https://registry.npmjs.org/bower
35 verbose addRemoteTarball https://registry.npmjs.org/bower/-/bower-1.5.2.tgz not in flight; adding
36 verbose addRemoteTarball [ 'https://registry.npmjs.org/bower/-/bower-1.5.2.tgz',
36 verbose addRemoteTarball   'be291d6c36f1740779abff1c61aca5633e265327' ]
37 info retry fetch attempt 1 at 00:36:51
38 info attempt registry request try #1 at 00:36:51
39 http fetch GET https://registry.npmjs.org/bower/-/bower-1.5.2.tgz
40 http fetch 200 https://registry.npmjs.org/bower/-/bower-1.5.2.tgz
41 silly fetchAndShaCheck shasum be291d6c36f1740779abff1c61aca5633e265327
42 verbose addTmpTarball /var/folders/d8/55z09mmx7sj7mp39db85zxwh0000gn/T/npm-65897-fbb47329/registry.npmjs.org/bower/-/bower-1.5.2.tgz not in flight; adding
43 verbose addTmpTarball already have metadata; skipping unpack for bower@1.5.2
44 silly cache afterAdd bower@1.5.2
45 verbose afterAdd /Users/tuckermayo/.npm/bower/1.5.2/package/package.json not in flight; writing
46 verbose afterAdd /Users/tuckermayo/.npm/bower/1.5.2/package/package.json written
47 silly install resolved [ { name: 'bower',
47 silly install resolved     version: '1.5.2',
47 silly install resolved     description: 'The browser package manager',
47 silly install resolved     author: { name: 'Twitter' },
47 silly install resolved     license: 'MIT',
47 silly install resolved     repository: { type: 'git', url: 'git+https://github.com/bower/bower.git' },
47 silly install resolved     main: 'lib',
47 silly install resolved     homepage: 'http://bower.io',
47 silly install resolved     engines: { node: '>=0.10.0' },
47 silly install resolved     dependencies:
47 silly install resolved      { abbrev: '^1.0.5',
47 silly install resolved        archy: '1.0.0',
47 silly install resolved        'bower-config': '^0.6.1',
47 silly install resolved        'bower-endpoint-parser': '^0.2.2',
47 silly install resolved        'bower-json': '^0.4.0',
47 silly install resolved        'bower-logger': '^0.2.2',
47 silly install resolved        'bower-registry-client': '^0.3.0',
47 silly install resolved        cardinal: '0.4.4',
47 silly install resolved        chalk: '^1.0.0',
47 silly install resolved        chmodr: '0.1.0',
47 silly install resolved        configstore: '^0.3.2',
47 silly install resolved        'decompress-zip': '^0.1.0',
47 silly install resolved        'deep-sort-object': '~0.1.1',
47 silly install resolved        fstream: '^1.0.3',
47 silly install resolved        'fstream-ignore': '^1.0.2',
47 silly install resolved        github: '^0.2.3',
47 silly install resolved        glob: '^4.3.2',
47 silly install resolved        'graceful-fs': '^3.0.5',
47 silly install resolved        handlebars: '^2.0.0',
47 silly install resolved        inquirer: '0.8.0',
47 silly install resolved        insight: '^0.5.0',
47 silly install resolved        'is-root': '^1.0.0',
47 silly install resolved        junk: '^1.0.0',
47 silly install resolved        lockfile: '^1.0.0',
47 silly install resolved        'lru-cache': '^2.5.0',
47 silly install resolved        mkdirp: '0.5.0',
47 silly install resolved        mout: '^0.11.0',
47 silly install resolved        nopt: '^3.0.1',
47 silly install resolved        opn: '^1.0.1',
47 silly install resolved        'p-throttler': '0.1.1',
47 silly install resolved        promptly: '0.2.0',
47 silly install resolved        q: '^1.1.2',
47 silly install resolved        request: '2.53.0',
47 silly install resolved        'request-progress': '0.3.1',
47 silly install resolved        retry: '0.6.1',
47 silly install resolved        rimraf: '^2.2.8',
47 silly install resolved        semver: '^2.3.0',
47 silly install resolved        'shell-quote': '^1.4.2',
47 silly install resolved        'stringify-object': '^1.0.0',
47 silly install resolved        'tar-fs': '^1.4.1',
47 silly install resolved        tmp: '0.0.24',
47 silly install resolved        'update-notifier': '^0.3.0',
47 silly install resolved        'user-home': '^1.1.0',
47 silly install resolved        which: '^1.0.8' },
47 silly install resolved     devDependencies:
47 silly install resolved      { chai: '^1.10.0',
47 silly install resolved        coveralls: '^2.11.2',
47 silly install resolved        'expect.js': '^0.3.1',
47 silly install resolved        grunt: '^0.4.5',
47 silly install resolved        'grunt-cli': '^0.1.13',
47 silly install resolved        'grunt-contrib-jshint': '^0.10.0',
47 silly install resolved        'grunt-contrib-watch': '^0.6.1',
47 silly install resolved        'grunt-exec': '^0.4.6',
47 silly install resolved        'grunt-simple-mocha': '^0.4.0',
47 silly install resolved        istanbul: '^0.3.5',
47 silly install resolved        'load-grunt-tasks': '^2.0.0',
47 silly install resolved        mocha: '^2.1.0',
47 silly install resolved        multiline: '^1.0.2',
47 silly install resolved        nock: '^0.56.0',
47 silly install resolved        'node-uuid': '^1.4.2',
47 silly install resolved        proxyquire: '^1.3.0',
47 silly install resolved        'spawn-sync': '^1.0.5' },
47 silly install resolved     scripts: { test: 'grunt test' },
47 silly install resolved     bin: { bower: 'bin/bower' },
47 silly install resolved     files: [ 'bin', 'lib', 'templates' ],
47 silly install resolved     gitHead: '64d990ba102c8491c474dd99605b9a9725e62cbb',
47 silly install resolved     bugs: { url: 'https://github.com/bower/bower/issues' },
47 silly install resolved     _id: 'bower@1.5.2',
47 silly install resolved     _shasum: 'be291d6c36f1740779abff1c61aca5633e265327',
47 silly install resolved     _from: 'bower@*',
47 silly install resolved     _npmVersion: '2.11.3',
47 silly install resolved     _nodeVersion: '0.12.7',
47 silly install resolved     _npmUser: { name: 'sheerun', email: 'sheerun@sher.pl' },
47 silly install resolved     dist:
47 silly install resolved      { shasum: 'be291d6c36f1740779abff1c61aca5633e265327',
47 silly install resolved        tarball: 'http://registry.npmjs.org/bower/-/bower-1.5.2.tgz' },
47 silly install resolved     maintainers: [ [Object], [Object], [Object], [Object], [Object], [Object] ],
47 silly install resolved     directories: {},
47 silly install resolved     _resolved: 'https://registry.npmjs.org/bower/-/bower-1.5.2.tgz' } ]
48 info install bower@1.5.2 into /usr/local/lib
49 info installOne bower@1.5.2
50 verbose installOne of bower to /usr/local/lib not in flight; installing
51 verbose lock using /Users/tuckermayo/.npm/_locks/bower-e8debc5417026b57.lock for /usr/local/lib/node_modules/bower
52 silly install write writing bower 1.5.2 to /usr/local/lib/node_modules/bower
53 silly cache addNamed cb bower@1.5.2
54 verbose unbuild lib/node_modules/bower
55 info preuninstall bower@1.4.1
56 info uninstall bower@1.4.1
57 verbose unbuild rmStuff bower@1.4.1 from /usr/local/lib/node_modules
58 verbose gentlyRm verifying that /usr/local is managed by npm
59 silly isManaged /usr/local is not inside /usr/local/lib/node_modules
60 silly isManaged /usr/local is not inside /usr/local/lib/node_modules
61 silly isManaged /usr/local/bin is inside /usr/local
62 silly gentlyRm /usr/local is managed by npm
63 silly gentlyRm /usr/local/bin/bower is under /usr/local
64 verbose gentlyRm vacuuming /usr/local/bin/bower up to /usr/local
65 silly gentlyRm removing /usr/local/bin/bower
66 silly gentlyRm quitting because other entries in /usr/local/bin
67 info postuninstall bower@1.4.1
68 verbose gentlyRm vacuuming /usr/local/lib/node_modules/bower
69 silly gentlyRm purging /usr/local/lib/node_modules/bower
70 verbose unlock done using /Users/tuckermayo/.npm/_locks/bower-e8debc5417026b57.lock for /usr/local/lib/node_modules/bower
71 verbose stack Error: EACCES, unlink '/usr/local/lib/node_modules/bower/.editorconfig'
71 verbose stack     at Error (native)
72 verbose cwd /Users/tuckermayo/Desktop/calendar
73 error Darwin 14.5.0
74 error argv "node" "/usr/local/bin/npm" "install" "-g" "bower"
75 error node v0.12.0
76 error npm  v2.7.1
77 error path /usr/local/lib/node_modules/bower/.editorconfig
78 error code EACCES
79 error errno -13
80 error Error: EACCES, unlink '/usr/local/lib/node_modules/bower/.editorconfig'
80 error     at Error (native)
80 error  { [Error: EACCES, unlink '/usr/local/lib/node_modules/bower/.editorconfig']
80 error   errno: -13,
80 error   code: 'EACCES',
80 error   path: '/usr/local/lib/node_modules/bower/.editorconfig' }
81 error Please try running this command again as root/Administrator.
82 verbose exit [ -13, true ]
83 verbose unbuild lib/node_modules/bower
84 info preuninstall bower@1.4.1
85 info uninstall bower@1.4.1
86 verbose unbuild rmStuff bower@1.4.1 from /usr/local/lib/node_modules
87 verbose gentlyRm verifying that /usr/local is managed by npm
88 silly isManaged /usr/local is not inside /usr/local/lib/node_modules
89 silly isManaged /usr/local is not inside /usr/local/lib/node_modules
90 silly isManaged /usr/local is not inside /usr/local/bin
91 silly isManaged /usr/local is inside /usr/local
92 silly gentlyRm /usr/local is managed by npm
93 silly gentlyRm /usr/local/bin/bower is under /usr/local
94 verbose gentlyRm vacuuming /usr/local/bin/bower up to /usr/local
95 info postuninstall bower@1.4.1
96 verbose gentlyRm vacuuming /usr/local/lib/node_modules/bower
97 silly gentlyRm purging /usr/local/lib/node_modules/bower
98 error error rolling back Error: EACCES, unlink '/usr/local/lib/node_modules/bower/.editorconfig'
98 error error rolling back     at Error (native)
98 error error rolling back  { [Error: EACCES, unlink '/usr/local/lib/node_modules/bower/.editorconfig']
98 error error rolling back   errno: -13,
98 error error rolling back   code: 'EACCES',
98 error error rolling back   path: '/usr/local/lib/node_modules/bower/.editorconfig' }
